03:26:37 **** Incremental Build of configuration Debug for project MonteCarloIDE ****
make all 
Building file: ../src/Molecule.cpp
Invoking: Cross G++ Compiler
g++ -O0 -g3 -Wall -c -fmessage-length=0 -MMD -MP -MF"src/Molecule.d" -MT"src/Molecule.d" -o "src/Molecule.o" "../src/Molecule.cpp"
Finished building: ../src/Molecule.cpp
 
Building file: ../src/Physics.cpp
Invoking: Cross G++ Compiler
g++ -O0 -g3 -Wall -c -fmessage-length=0 -MMD -MP -MF"src/Physics.d" -MT"src/Physics.d" -o "src/Physics.o" "../src/Physics.cpp"
../src/Physics.cpp:77:10: warning: unused variable 'div_ratio_x' [-Wunused-variable]
                        float div_ratio_x;
                              ^
../src/Physics.cpp:72:9: warning: unused variable 'next_y' [-Wunused-variable]
                float next_y = this->y_loc.back()+\
                      ^
../src/Physics.cpp:66:8: warning: unused variable 'div_ratio' [-Wunused-variable]
        float div_ratio;
              ^
3 warnings generated.
Finished building: ../src/Physics.cpp
 
Building file: ../src/main.cpp
Invoking: Cross G++ Compiler
g++ -O0 -g3 -Wall -c -fmessage-length=0 -MMD -MP -MF"src/main.d" -MT"src/main.d" -o "src/main.o" "../src/main.cpp"
Finished building: ../src/main.cpp
 
Building target: MonteCarloIDE
Invoking: Cross G++ Linker
g++  -o "MonteCarloIDE"  ./src/Molecule.o ./src/Physics.o ./src/main.o   
Finished building target: MonteCarloIDE
 

03:26:40 Build Finished (took 3s.136ms)

